
Sat, 05 Sep 2020 17:07:08 +0200 : NO domainId

Sat, 05 Sep 2020 17:07:08 +0200 : NO senderId 

Sat, 05 Sep 2020 17:07:21 +0200 : Server Altiria response: ERROR errNum:013

Sat, 05 Sep 2020 17:07:21 +0200 : Error sending SMS: ERROR errNum:013

Sat, 05 Sep 2020 17:09:09 +0200 : NO domainId

Sat, 05 Sep 2020 17:09:09 +0200 : NO senderId 

Sat, 05 Sep 2020 17:09:16 +0200 : Server Altiria response: OK dest:59170503313


Sat, 05 Sep 2020 18:28:45 +0200 : NO domainId

Sat, 05 Sep 2020 18:28:45 +0200 : NO senderId 

Sat, 05 Sep 2020 18:28:57 +0200 : Server Altiria response: ERROR errNum:013

Sat, 05 Sep 2020 18:28:57 +0200 : Error sending SMS: ERROR errNum:013

Sat, 05 Sep 2020 18:30:36 +0200 : NO domainId

Sat, 05 Sep 2020 18:30:36 +0200 : NO senderId 

Sat, 05 Sep 2020 18:30:41 +0200 : Server Altiria response: OK dest:59170503313


Sat, 05 Sep 2020 18:34:10 +0200 : NO domainId

Sat, 05 Sep 2020 18:34:10 +0200 : NO senderId 

Sat, 05 Sep 2020 18:34:15 +0200 : Server Altiria response: OK dest:59170503313


Sat, 05 Sep 2020 18:35:39 +0200 : NO domainId

Sat, 05 Sep 2020 18:35:39 +0200 : NO senderId 

Sat, 05 Sep 2020 18:35:51 +0200 : Server Altiria response: ERROR errNum:013

Sat, 05 Sep 2020 18:35:51 +0200 : Error sending SMS: ERROR errNum:013

Sat, 05 Sep 2020 18:38:52 +0200 : NO domainId

Sat, 05 Sep 2020 18:38:52 +0200 : NO senderId 

Sat, 05 Sep 2020 18:38:58 +0200 : Server Altiria response: OK dest:59170503313


Wed, 09 Sep 2020 05:38:16 +0200 : NO domainId

Wed, 09 Sep 2020 05:38:16 +0200 : NO senderId 

Wed, 09 Sep 2020 05:38:23 +0200 : Server Altiria response: ERROR errNum:020

Wed, 09 Sep 2020 05:38:23 +0200 : Error sending SMS: ERROR errNum:020

Wed, 09 Sep 2020 05:41:05 +0200 : NO domainId

Wed, 09 Sep 2020 05:41:05 +0200 : NO senderId 

Wed, 09 Sep 2020 05:41:11 +0200 : Server Altiria response: OK dest:59170503313

